#
# There is insufficient memory for the Java Runtime Environment to continue.
# Native memory allocation (malloc) failed to allocate 923856 bytes. Error detail: Chunk::new
# Possible reasons:
#   The system is out of physical RAM or swap space
#   This process is running with CompressedOops enabled, and the Java Heap may be blocking the growth of the native heap
# Possible solutions:
#   Reduce memory load on the system
#   Increase physical memory or swap space
#   Check if swap backing store is full
#   Decrease Java heap size (-Xmx/-Xms)
#   Decrease number of Java threads
#   Decrease Java thread stack sizes (-Xss)
#   Set larger code cache with -XX:ReservedCodeCacheSize=
#   JVM is running with Unscaled Compressed Oops mode in which the Java heap is
#     placed in the first 4GB address space. The Java Heap base address is the
#     maximum limit for the native heap growth. Please use -XX:HeapBaseMinAddress
#     to set the Java Heap base and to place the Java Heap above 4GB virtual address.
# This output file may be truncated or incomplete.
#
#  Out of Memory Error (arena.cpp:150), pid=13212, tid=32484
#
# JRE version: Java(TM) SE Runtime Environment (22.0.2+9) (build 22.0.2+9-70)
# Java VM: Java HotSpot(TM) 64-Bit Server VM (22.0.2+9-70, mixed mode, sharing, tiered, compressed oops, compressed class ptrs, g1 gc, windows-amd64)
# No core dump will be written. Minidumps are not enabled by default on client versions of Windows
#

---------------  S U M M A R Y ------------

Command Line: -javaagent:D:\java\IntelliJ IDEA Community Edition 2022.3\lib\idea_rt.jar=59740:D:\java\IntelliJ IDEA Community Edition 2022.3\bin -Dfile.encoding=UTF-8 -Dsun.stdout.encoding=UTF-8 -Dsun.stderr.encoding=UTF-8 com.example.demo.DemoApplication

Host: AMD Ryzen 5 5500U with Radeon Graphics         , 12 cores, 7G,  Windows 11 , 64 bit Build 22621 (10.0.22621.4391)
Time: Wed Jan  8 00:05:04 2025 SE Asia Standard Time elapsed time: 868.981333 seconds (0d 0h 14m 28s)

---------------  T H R E A D  ---------------

Current thread (0x0000026672516be0):  JavaThread "C2 CompilerThread0" daemon [_thread_in_native, id=32484, stack(0x000000b633200000,0x000000b633300000) (1024K)]


Current CompileTask:
C2:868981 11034   !   4       org.apache.coyote.http11.Http11Processor::prepareRequest (675 bytes)

Stack: [0x000000b633200000,0x000000b633300000]
Native frames: (J=compiled Java code, j=interpreted, Vv=VM code, C=native code)
V  [jvm.dll+0x6e26e9]  (no source info available)
V  [jvm.dll+0x875753]  (no source info available)
V  [jvm.dll+0x877b7e]  (no source info available)
V  [jvm.dll+0x878253]  (no source info available)
V  [jvm.dll+0x27fc86]  (no source info available)
V  [jvm.dll+0xc3d0f]  (no source info available)
V  [jvm.dll+0xc3f6b]  (no source info available)
V  [jvm.dll+0x3bb442]  (no source info available)
V  [jvm.dll+0x387d4b]  (no source info available)
V  [jvm.dll+0x3871ba]  (no source info available)
V  [jvm.dll+0x2477f8]  (no source info available)
V  [jvm.dll+0x246e9f]  (no source info available)
V  [jvm.dll+0x1c4e80]  (no source info available)
V  [jvm.dll+0x2568f3]  (no source info available)
V  [jvm.dll+0x254baa]  (no source info available)
V  [jvm.dll+0x3f57a6]  (no source info available)
V  [jvm.dll+0x81dc0b]  (no source info available)
V  [jvm.dll+0x6e0d85]  (no source info available)
C  [ucrtbase.dll+0x29333]  (no source info available)
C  [KERNEL32.DLL+0x1259d]  (no source info available)
C  [ntdll.dll+0x5af38]  (no source info available)


---------------  P R O C E S S  ---------------

Threads class SMR info:
_java_thread_list=0x000002664794aeb0, length=33, elements={
0x0000026672507af0, 0x0000026672508420, 0x000002667250a670, 0x000002667250b230,
0x000002667250f9e0, 0x0000026672513070, 0x0000026672516be0, 0x00000266725172a0,
0x00000266451fa0f0, 0x0000026645507710, 0x0000026645507d80, 0x0000026648852490,
0x0000026648853840, 0x0000026648852b20, 0x00000266488531b0, 0x00000266458a5520,
0x00000266458a20a0, 0x00000266458a4800, 0x00000266458a5bb0, 0x00000266458a2730,
0x00000266458a4170, 0x00000266458a6240, 0x00000266458a2dc0, 0x00000266458a0660,
0x00000266458a1380, 0x00000266458a3450, 0x00000266458a3ae0, 0x00000266458a1a10,
0x00000266458a68d0, 0x00000266458a6f60, 0x000002664589ffd0, 0x0000026646d7b810,
0x00000266458a75f0
}

Java Threads: ( => current thread )
  0x0000026672507af0 JavaThread "Reference Handler"          daemon [_thread_blocked, id=33832, stack(0x000000b632c00000,0x000000b632d00000) (1024K)]
  0x0000026672508420 JavaThread "Finalizer"                  daemon [_thread_blocked, id=29940, stack(0x000000b632d00000,0x000000b632e00000) (1024K)]
  0x000002667250a670 JavaThread "Signal Dispatcher"          daemon [_thread_blocked, id=29368, stack(0x000000b632e00000,0x000000b632f00000) (1024K)]
  0x000002667250b230 JavaThread "Attach Listener"            daemon [_thread_blocked, id=25060, stack(0x000000b632f00000,0x000000b633000000) (1024K)]
  0x000002667250f9e0 JavaThread "Service Thread"             daemon [_thread_blocked, id=32636, stack(0x000000b633000000,0x000000b633100000) (1024K)]
  0x0000026672513070 JavaThread "Monitor Deflation Thread"   daemon [_thread_blocked, id=24736, stack(0x000000b633100000,0x000000b633200000) (1024K)]
=>0x0000026672516be0 JavaThread "C2 CompilerThread0"         daemon [_thread_in_native, id=32484, stack(0x000000b633200000,0x000000b633300000) (1024K)]
  0x00000266725172a0 JavaThread "C1 CompilerThread0"         daemon [_thread_blocked, id=20576, stack(0x000000b633300000,0x000000b633400000) (1024K)]
  0x00000266451fa0f0 JavaThread "Common-Cleaner"             daemon [_thread_blocked, id=29620, stack(0x000000b633400000,0x000000b633500000) (1024K)]
  0x0000026645507710 JavaThread "Monitor Ctrl-Break"         daemon [_thread_in_native, id=30780, stack(0x000000b633600000,0x000000b633700000) (1024K)]
  0x0000026645507d80 JavaThread "Notification Thread"        daemon [_thread_blocked, id=22584, stack(0x000000b633700000,0x000000b633800000) (1024K)]
  0x0000026648852490 JavaThread "Catalina-utility-1"                [_thread_blocked, id=17924, stack(0x000000b634500000,0x000000b634600000) (1024K)]
  0x0000026648853840 JavaThread "Catalina-utility-2"                [_thread_blocked, id=14372, stack(0x000000b634600000,0x000000b634700000) (1024K)]
  0x0000026648852b20 JavaThread "container-0"                       [_thread_blocked, id=17128, stack(0x000000b634700000,0x000000b634800000) (1024K)]
  0x00000266488531b0 JavaThread "mysql-cj-abandoned-connection-cleanup" daemon [_thread_blocked, id=16200, stack(0x000000b634800000,0x000000b634900000) (1024K)]
  0x00000266458a5520 JavaThread "HikariPool-1 housekeeper"   daemon [_thread_blocked, id=28536, stack(0x000000b634b00000,0x000000b634c00000) (1024K)]
  0x00000266458a20a0 JavaThread "File Watcher"               daemon [_thread_blocked, id=20956, stack(0x000000b634a00000,0x000000b634b00000) (1024K)]
  0x00000266458a4800 JavaThread "Live Reload Server"         daemon [_thread_in_native, id=12416, stack(0x000000b634e00000,0x000000b634f00000) (1024K)]
  0x00000266458a5bb0 JavaThread "http-nio-8080-exec-1"       daemon [_thread_blocked, id=25816, stack(0x000000b634d00000,0x000000b634e00000) (1024K)]
  0x00000266458a2730 JavaThread "http-nio-8080-exec-2"       daemon [_thread_blocked, id=26692, stack(0x000000b634f00000,0x000000b635000000) (1024K)]
  0x00000266458a4170 JavaThread "http-nio-8080-exec-3"       daemon [_thread_blocked, id=6236, stack(0x000000b635000000,0x000000b635100000) (1024K)]
  0x00000266458a6240 JavaThread "http-nio-8080-exec-4"       daemon [_thread_blocked, id=16256, stack(0x000000b635100000,0x000000b635200000) (1024K)]
  0x00000266458a2dc0 JavaThread "http-nio-8080-exec-5"       daemon [_thread_blocked, id=28244, stack(0x000000b635200000,0x000000b635300000) (1024K)]
  0x00000266458a0660 JavaThread "http-nio-8080-exec-6"       daemon [_thread_in_native, id=28960, stack(0x000000b635300000,0x000000b635400000) (1024K)]
  0x00000266458a1380 JavaThread "http-nio-8080-exec-7"       daemon [_thread_in_Java, id=13636, stack(0x000000b635400000,0x000000b635500000) (1024K)]
  0x00000266458a3450 JavaThread "http-nio-8080-exec-8"       daemon [_thread_blocked, id=15620, stack(0x000000b635500000,0x000000b635600000) (1024K)]
  0x00000266458a3ae0 JavaThread "http-nio-8080-exec-9"       daemon [_thread_blocked, id=29160, stack(0x000000b635600000,0x000000b635700000) (1024K)]
  0x00000266458a1a10 JavaThread "http-nio-8080-exec-10"      daemon [_thread_in_native, id=23332, stack(0x000000b635700000,0x000000b635800000) (1024K)]
  0x00000266458a68d0 JavaThread "http-nio-8080-Poller"       daemon [_thread_in_native, id=18472, stack(0x000000b635800000,0x000000b635900000) (1024K)]
  0x00000266458a6f60 JavaThread "http-nio-8080-Acceptor"     daemon [_thread_in_native, id=17112, stack(0x000000b635900000,0x000000b635a00000) (1024K)]
  0x000002664589ffd0 JavaThread "DestroyJavaVM"                     [_thread_blocked, id=31880, stack(0x000000b632400000,0x000000b632500000) (1024K)]
  0x0000026646d7b810 JavaThread "C2 CompilerThread1"         daemon [_thread_in_native, id=8336, stack(0x000000b632100000,0x000000b632200000) (1024K)]
  0x00000266458a75f0 JavaThread "HikariPool-1 connection adder" daemon [_thread_blocked, id=4048, stack(0x000000b632200000,0x000000b632300000) (1024K)]
Total: 33

Other Threads:
  0x00000266724ea790 VMThread "VM Thread"                           [id=20680, stack(0x000000b632b00000,0x000000b632c00000) (1024K)]
  0x00000266724d5480 WatcherThread "VM Periodic Task Thread"        [id=16792, stack(0x000000b632a00000,0x000000b632b00000) (1024K)]
  0x0000026655eac0a0 WorkerThread "GC Thread#0"                     [id=31088, stack(0x000000b632500000,0x000000b632600000) (1024K)]
  0x0000026645f21570 WorkerThread "GC Thread#1"                     [id=2284, stack(0x000000b633a00000,0x000000b633b00000) (1024K)]
  0x0000026645f26550 WorkerThread "GC Thread#2"                     [id=16176, stack(0x000000b633b00000,0x000000b633c00000) (1024K)]
  0x0000026645f26900 WorkerThread "GC Thread#3"                     [id=21932, stack(0x000000b633c00000,0x000000b633d00000) (1024K)]
  0x0000026645fa1e60 WorkerThread "GC Thread#4"                     [id=30896, stack(0x000000b633d00000,0x000000b633e00000) (1024K)]
  0x0000026645fa2210 WorkerThread "GC Thread#5"                     [id=27532, stack(0x000000b633e00000,0x000000b633f00000) (1024K)]
  0x0000026646643dd0 WorkerThread "GC Thread#6"                     [id=19048, stack(0x000000b634000000,0x000000b634100000) (1024K)]
  0x00000266465acad0 WorkerThread "GC Thread#7"                     [id=22848, stack(0x000000b634100000,0x000000b634200000) (1024K)]
  0x0000026646193ca0 WorkerThread "GC Thread#8"                     [id=23452, stack(0x000000b634200000,0x000000b634300000) (1024K)]
  0x00000266462a3680 WorkerThread "GC Thread#9"                     [id=29896, stack(0x000000b634300000,0x000000b634400000) (1024K)]
  0x0000026655ebbb90 ConcurrentGCThread "G1 Main Marker"            [id=27040, stack(0x000000b632600000,0x000000b632700000) (1024K)]
  0x0000026655ebc850 WorkerThread "G1 Conc#0"                       [id=24616, stack(0x000000b632700000,0x000000b632800000) (1024K)]
  0x00000266476d7be0 WorkerThread "G1 Conc#1"                       [id=12868, stack(0x000000b633f00000,0x000000b634000000) (1024K)]
  0x00000266476d7f90 WorkerThread "G1 Conc#2"                       [id=25192, stack(0x000000b634400000,0x000000b634500000) (1024K)]
  0x00000266723ab020 ConcurrentGCThread "G1 Refine#0"               [id=29736, stack(0x000000b632800000,0x000000b632900000) (1024K)]
  0x00000266723ab5c0 ConcurrentGCThread "G1 Service"                [id=25612, stack(0x000000b632900000,0x000000b632a00000) (1024K)]
Total: 18

Threads with active compile tasks:
C2 CompilerThread0  869113 11034   !   4       org.apache.coyote.http11.Http11Processor::prepareRequest (675 bytes)
C2 CompilerThread1  869113 11041       4       org.apache.tomcat.util.http.parser.HttpParser::readWeight (246 bytes)
Total: 2

VM state: not at safepoint (normal execution)

VM Mutex/Monitor currently owned by a thread: None

Heap address: 0x000000008a800000, size: 1880 MB, Compressed Oops mode: 32-bit

CDS archive(s) mapped at: [0x0000026600000000-0x0000026600c60000-0x0000026600c60000), size 12976128, SharedBaseAddress: 0x0000026600000000, ArchiveRelocationMode: 1.
Compressed class space mapped at: 0x0000026601000000-0x0000026641000000, reserved size: 1073741824
Narrow klass base: 0x0000026600000000, Narrow klass shift: 0, Narrow klass range: 0x41000000

GC Precious Log:
 CardTable entry size: 512
 Card Set container configuration: InlinePtr #cards 5 size 8 Array Of Cards #cards 12 size 40 Howl #buckets 4 coarsen threshold 1843 Howl Bitmap #cards 512 size 80 coarsen threshold 460 Card regions per heap region 1 cards per card region 2048
 CPUs: 12 total, 12 available
 Memory: 7514M
 Large Page Support: Disabled
 NUMA Support: Disabled
 Compressed Oops: Enabled (32-bit)
 Heap Region Size: 1M
 Heap Min Capacity: 8M
 Heap Initial Capacity: 118M
 Heap Max Capacity: 1880M
 Pre-touch: Disabled
 Parallel Workers: 10
 Concurrent Workers: 3
 Concurrent Refinement Workers: 10
 Periodic GC: Disabled

Heap:
 garbage-first heap   total reserved 1925120K, committed 89088K, used 51297K [0x000000008a800000, 0x0000000100000000)
  region size 1024K, 20 young (20480K), 1 survivors (1024K)
 Metaspace       used 80425K, committed 81152K, reserved 1179648K
  class space    used 10862K, committed 11200K, reserved 1048576K

Heap Regions: E=young(eden), S=young(survivor), O=old, HS=humongous(starts), HC=humongous(continues), CS=collection set, F=free, TAMS=top-at-mark-start, PB=parsable bottom
|   0|0x000000008a800000, 0x000000008a900000, 0x000000008a900000|100%|HS|  |TAMS 0x000000008a800000| PB 0x000000008a800000| Complete |  0
|   1|0x000000008a900000, 0x000000008aa00000, 0x000000008aa00000|100%|HS|  |TAMS 0x000000008a900000| PB 0x000000008a900000| Complete |  0
|   2|0x000000008aa00000, 0x000000008ab00000, 0x000000008ab00000|100%| O|  |TAMS 0x000000008aa00000| PB 0x000000008aa00000| Untracked |  0
|   3|0x000000008ab00000, 0x000000008ac00000, 0x000000008ac00000|100%| O|  |TAMS 0x000000008ab00000| PB 0x000000008ab00000| Untracked |  0
|   4|0x000000008ac00000, 0x000000008ad00000, 0x000000008ad00000|100%| O|  |TAMS 0x000000008ac00000| PB 0x000000008ac00000| Untracked |  0
|   5|0x000000008ad00000, 0x000000008ae00000, 0x000000008ae00000|100%| O|  |TAMS 0x000000008ad00000| PB 0x000000008ad00000| Untracked |  0
|   6|0x000000008ae00000, 0x000000008af00000, 0x000000008af00000|100%| O|  |TAMS 0x000000008ae00000| PB 0x000000008ae00000| Untracked |  0
|   7|0x000000008af00000, 0x000000008b000000, 0x000000008b000000|100%| O|  |TAMS 0x000000008af00000| PB 0x000000008af00000| Untracked |  0
|   8|0x000000008b000000, 0x000000008b100000, 0x000000008b100000|100%| O|  |TAMS 0x000000008b000000| PB 0x000000008b000000| Untracked |  0
|   9|0x000000008b100000, 0x000000008b185ca0, 0x000000008b200000| 52%| O|  |TAMS 0x000000008b100000| PB 0x000000008b100000| Untracked |  0
|  10|0x000000008b200000, 0x000000008b200000, 0x000000008b300000|  0%| F|  |TAMS 0x000000008b200000| PB 0x000000008b200000| Untracked |  0
|  11|0x000000008b300000, 0x000000008b400000, 0x000000008b400000|100%| O|Cm|TAMS 0x000000008b300000| PB 0x000000008b300000| Complete |  0
|  12|0x000000008b400000, 0x000000008b500000, 0x000000008b500000|100%| O|  |TAMS 0x000000008b400000| PB 0x000000008b400000| Untracked |  0
|  13|0x000000008b500000, 0x000000008b600000, 0x000000008b600000|100%| O|  |TAMS 0x000000008b500000| PB 0x000000008b500000| Untracked |  0
|  14|0x000000008b600000, 0x000000008b700000, 0x000000008b700000|100%| O|  |TAMS 0x000000008b600000| PB 0x000000008b600000| Untracked |  0
|  15|0x000000008b700000, 0x000000008b800000, 0x000000008b800000|100%| O|  |TAMS 0x000000008b700000| PB 0x000000008b700000| Untracked |  0
|  16|0x000000008b800000, 0x000000008b900000, 0x000000008b900000|100%| O|  |TAMS 0x000000008b800000| PB 0x000000008b800000| Untracked |  0
|  17|0x000000008b900000, 0x000000008ba00000, 0x000000008ba00000|100%| O|  |TAMS 0x000000008b900000| PB 0x000000008b900000| Untracked |  0
|  18|0x000000008ba00000, 0x000000008bb00000, 0x000000008bb00000|100%| O|  |TAMS 0x000000008ba00000| PB 0x000000008ba00000| Untracked |  0
|  19|0x000000008bb00000, 0x000000008bc00000, 0x000000008bc00000|100%| O|  |TAMS 0x000000008bb00000| PB 0x000000008bb00000| Untracked |  0
|  20|0x000000008bc00000, 0x000000008bd00000, 0x000000008bd00000|100%| O|  |TAMS 0x000000008bc00000| PB 0x000000008bc00000| Untracked |  0
|  21|0x000000008bd00000, 0x000000008bd00000, 0x000000008be00000|  0%| F|  |TAMS 0x000000008bd00000| PB 0x000000008bd00000| Untracked |  0
|  22|0x000000008be00000, 0x000000008bf00000, 0x000000008bf00000|100%| O|  |TAMS 0x000000008be00000| PB 0x000000008be00000| Untracked |  0
|  23|0x000000008bf00000, 0x000000008c000000, 0x000000008c000000|100%| O|  |TAMS 0x000000008bf00000| PB 0x000000008bf00000| Untracked |  0
|  24|0x000000008c000000, 0x000000008c100000, 0x000000008c100000|100%| O|  |TAMS 0x000000008c000000| PB 0x000000008c000000| Untracked |  0
|  25|0x000000008c100000, 0x000000008c200000, 0x000000008c200000|100%| O|  |TAMS 0x000000008c100000| PB 0x000000008c100000| Untracked |  0
|  26|0x000000008c200000, 0x000000008c300000, 0x000000008c300000|100%| O|  |TAMS 0x000000008c200000| PB 0x000000008c200000| Untracked |  0
|  27|0x000000008c300000, 0x000000008c400000, 0x000000008c400000|100%| O|  |TAMS 0x000000008c300000| PB 0x000000008c300000| Untracked |  0
|  28|0x000000008c400000, 0x000000008c500000, 0x000000008c500000|100%| O|  |TAMS 0x000000008c400000| PB 0x000000008c400000| Untracked |  0
|  29|0x000000008c500000, 0x000000008c600000, 0x000000008c600000|100%| O|  |TAMS 0x000000008c500000| PB 0x000000008c500000| Untracked |  0
|  30|0x000000008c600000, 0x000000008c700000, 0x000000008c700000|100%| O|  |TAMS 0x000000008c600000| PB 0x000000008c600000| Untracked |  0
|  31|0x000000008c700000, 0x000000008c700000, 0x000000008c800000|  0%| F|  |TAMS 0x000000008c700000| PB 0x000000008c700000| Untracked |  0
|  32|0x000000008c800000, 0x000000008c800000, 0x000000008c900000|  0%| F|  |TAMS 0x000000008c800000| PB 0x000000008c800000| Untracked |  0
|  33|0x000000008c900000, 0x000000008c900000, 0x000000008ca00000|  0%| F|  |TAMS 0x000000008c900000| PB 0x000000008c900000| Untracked |  0
|  34|0x000000008ca00000, 0x000000008ca92ae8, 0x000000008cb00000| 57%| S|CS|TAMS 0x000000008ca00000| PB 0x000000008ca00000| Complete |  0
|  35|0x000000008cb00000, 0x000000008cb00000, 0x000000008cc00000|  0%| F|  |TAMS 0x000000008cb00000| PB 0x000000008cb00000| Untracked |  0
|  36|0x000000008cc00000, 0x000000008cc00000, 0x000000008cd00000|  0%| F|  |TAMS 0x000000008cc00000| PB 0x000000008cc00000| Untracked |  0
|  37|0x000000008cd00000, 0x000000008cd00000, 0x000000008ce00000|  0%| F|  |TAMS 0x000000008cd00000| PB 0x000000008cd00000| Untracked |  0
|  38|0x000000008ce00000, 0x000000008ce00000, 0x000000008cf00000|  0%| F|  |TAMS 0x000000008ce00000| PB 0x000000008ce00000| Untracked |  0
|  39|0x000000008cf00000, 0x000000008cf00000, 0x000000008d000000|  0%| F|  |TAMS 0x000000008cf00000| PB 0x000000008cf00000| Untracked |  0
|  40|0x000000008d000000, 0x000000008d000000, 0x000000008d100000|  0%| F|  |TAMS 0x000000008d000000| PB 0x000000008d000000| Untracked |  0
|  41|0x000000008d100000, 0x000000008d100000, 0x000000008d200000|  0%| F|  |TAMS 0x000000008d100000| PB 0x000000008d100000| Untracked |  0
|  42|0x000000008d200000, 0x000000008d200000, 0x000000008d300000|  0%| F|  |TAMS 0x000000008d200000| PB 0x000000008d200000| Untracked |  0
|  43|0x000000008d300000, 0x000000008d300000, 0x000000008d400000|  0%| F|  |TAMS 0x000000008d300000| PB 0x000000008d300000| Untracked |  0
|  44|0x000000008d400000, 0x000000008d400000, 0x000000008d500000|  0%| F|  |TAMS 0x000000008d400000| PB 0x000000008d400000| Untracked |  0
|  45|0x000000008d500000, 0x000000008d500000, 0x000000008d600000|  0%| F|  |TAMS 0x000000008d500000| PB 0x000000008d500000| Untracked |  0
|  46|0x000000008d600000, 0x000000008d600000, 0x000000008d700000|  0%| F|  |TAMS 0x000000008d600000| PB 0x000000008d600000| Untracked |  0
|  47|0x000000008d700000, 0x000000008d700000, 0x000000008d800000|  0%| F|  |TAMS 0x000000008d700000| PB 0x000000008d700000| Untracked |  0
|  48|0x000000008d800000, 0x000000008d800000, 0x000000008d900000|  0%| F|  |TAMS 0x000000008d800000| PB 0x000000008d800000| Untracked |  0
|  49|0x000000008d900000, 0x000000008d900000, 0x000000008da00000|  0%| F|  |TAMS 0x000000008d900000| PB 0x000000008d900000| Untracked |  0
|  50|0x000000008da00000, 0x000000008da00000, 0x000000008db00000|  0%| F|  |TAMS 0x000000008da00000| PB 0x000000008da00000| Untracked |  0
|  51|0x000000008db00000, 0x000000008db00000, 0x000000008dc00000|  0%| F|  |TAMS 0x000000008db00000| PB 0x000000008db00000| Untracked |  0
|  52|0x000000008dc00000, 0x000000008dc00000, 0x000000008dd00000|  0%| F|  |TAMS 0x000000008dc00000| PB 0x000000008dc00000| Untracked |  0
|  53|0x000000008dd00000, 0x000000008dd00000, 0x000000008de00000|  0%| F|  |TAMS 0x000000008dd00000| PB 0x000000008dd00000| Untracked |  0
|  54|0x000000008de00000, 0x000000008de00000, 0x000000008df00000|  0%| F|  |TAMS 0x000000008de00000| PB 0x000000008de00000| Untracked |  0
|  55|0x000000008df00000, 0x000000008df00000, 0x000000008e000000|  0%| F|  |TAMS 0x000000008df00000| PB 0x000000008df00000| Untracked |  0
|  56|0x000000008e000000, 0x000000008e000000, 0x000000008e100000|  0%| F|  |TAMS 0x000000008e000000| PB 0x000000008e000000| Untracked |  0
|  57|0x000000008e100000, 0x000000008e100000, 0x000000008e200000|  0%| F|  |TAMS 0x000000008e100000| PB 0x000000008e100000| Untracked |  0
|  58|0x000000008e200000, 0x000000008e200000, 0x000000008e300000|  0%| F|  |TAMS 0x000000008e200000| PB 0x000000008e200000| Untracked |  0
|  59|0x000000008e300000, 0x000000008e300000, 0x000000008e400000|  0%| F|  |TAMS 0x000000008e300000| PB 0x000000008e300000| Untracked |  0
|  60|0x000000008e400000, 0x000000008e400000, 0x000000008e500000|  0%| F|  |TAMS 0x000000008e400000| PB 0x000000008e400000| Untracked |  0
|  61|0x000000008e500000, 0x000000008e500000, 0x000000008e600000|  0%| F|  |TAMS 0x000000008e500000| PB 0x000000008e500000| Untracked |  0
|  62|0x000000008e600000, 0x000000008e600000, 0x000000008e700000|  0%| F|  |TAMS 0x000000008e600000| PB 0x000000008e600000| Untracked |  0
|  63|0x000000008e700000, 0x000000008e71a5d0, 0x000000008e800000| 10%| E|  |TAMS 0x000000008e700000| PB 0x000000008e700000| Complete |  0
|  64|0x000000008e800000, 0x000000008e8ff9c0, 0x000000008e900000| 99%| E|  |TAMS 0x000000008e800000| PB 0x000000008e800000| Complete |  0
|  65|0x000000008e900000, 0x000000008ea00000, 0x000000008ea00000|100%| E|CS|TAMS 0x000000008e900000| PB 0x000000008e900000| Complete |  0
|  66|0x000000008ea00000, 0x000000008eb00000, 0x000000008eb00000|100%| E|CS|TAMS 0x000000008ea00000| PB 0x000000008ea00000| Complete |  0
|  67|0x000000008eb00000, 0x000000008ec00000, 0x000000008ec00000|100%| E|CS|TAMS 0x000000008eb00000| PB 0x000000008eb00000| Complete |  0
|  68|0x000000008ec00000, 0x000000008ed00000, 0x000000008ed00000|100%| E|CS|TAMS 0x000000008ec00000| PB 0x000000008ec00000| Complete |  0
|  69|0x000000008ed00000, 0x000000008ee00000, 0x000000008ee00000|100%| E|CS|TAMS 0x000000008ed00000| PB 0x000000008ed00000| Complete |  0
|  70|0x000000008ee00000, 0x000000008ef00000, 0x000000008ef00000|100%| E|CS|TAMS 0x000000008ee00000| PB 0x000000008ee00000| Complete |  0
|  71|0x000000008ef00000, 0x000000008f000000, 0x000000008f000000|100%| E|CS|TAMS 0x000000008ef00000| PB 0x000000008ef00000| Complete |  0
|  72|0x000000008f000000, 0x000000008f100000, 0x000000008f100000|100%| E|CS|TAMS 0x000000008f000000| PB 0x000000008f000000| Complete |  0
|  73|0x000000008f100000, 0x000000008f200000, 0x000000008f200000|100%| E|CS|TAMS 0x000000008f100000| PB 0x000000008f100000| Complete |  0
|  76|0x000000008f400000, 0x000000008f500000, 0x000000008f500000|100%| E|CS|TAMS 0x000000008f400000| PB 0x000000008f400000| Complete |  0
|  77|0x000000008f500000, 0x000000008f600000, 0x000000008f600000|100%| E|CS|TAMS 0x000000008f500000| PB 0x000000008f500000| Complete |  0
|  78|0x000000008f600000, 0x000000008f700000, 0x000000008f700000|100%| E|CS|TAMS 0x000000008f600000| PB 0x000000008f600000| Complete |  0
|  83|0x000000008fb00000, 0x000000008fc00000, 0x000000008fc00000|100%| E|CS|TAMS 0x000000008fb00000| PB 0x000000008fb00000| Complete |  0
|  84|0x000000008fc00000, 0x000000008fd00000, 0x000000008fd00000|100%| E|CS|TAMS 0x000000008fc00000| PB 0x000000008fc00000| Complete |  0
|  85|0x000000008fd00000, 0x000000008fe00000, 0x000000008fe00000|100%| E|CS|TAMS 0x000000008fd00000| PB 0x000000008fd00000| Complete |  0
|  86|0x000000008fe00000, 0x000000008ff00000, 0x000000008ff00000|100%| E|CS|TAMS 0x000000008fe00000| PB 0x000000008fe00000| Complete |  0
| 116|0x0000000091c00000, 0x0000000091d00000, 0x0000000091d00000|100%| E|CS|TAMS 0x0000000091c00000| PB 0x0000000091c00000| Complete |  0
| 117|0x0000000091d00000, 0x0000000091e00000, 0x0000000091e00000|100%| E|CS|TAMS 0x0000000091d00000| PB 0x0000000091d00000| Complete |  0
|1876|0x00000000ffc00000, 0x00000000ffd00000, 0x00000000ffd00000|100%| O|  |TAMS 0x00000000ffc00000| PB 0x00000000ffc00000| Untracked |  0
|1877|0x00000000ffd00000, 0x00000000ffe00000, 0x00000000ffe00000|100%| O|  |TAMS 0x00000000ffd00000| PB 0x00000000ffd00000| Untracked |  0
|1878|0x00000000ffe00000, 0x00000000fff00000, 0x00000000fff00000|100%| O|  |TAMS 0x00000000ffe00000| PB 0x00000000ffe00000| Untracked |  0
|1879|0x00000000fff00000, 0x0000000100000000, 0x0000000100000000|100%| O|  |TAMS 0x00000000fff00000| PB 0x00000000fff00000| Untracked |  0

Card table byte_map: [0x000002666daa0000,0x000002666de50000] _byte_map_base: 0x000002666d64c000

Marking Bits: (CMBitMap*) 0x0000026655eac7b0
 Bits: [0x000002666de50000, 0x000002666fbb0000)

Polling page: 0x0000026653dd0000

Metaspace:

Usage:
  Non-class:     67.93 MB used.
      Class:     10.61 MB used.
       Both:     78.54 MB used.

Virtual space:
  Non-class space:      128.00 MB reserved,      68.31 MB ( 53%) committed,  2 nodes.
      Class space:        1.00 GB reserved,      10.94 MB (  1%) committed,  1 nodes.
             Both:        1.12 GB reserved,      79.25 MB (  7%) committed. 

Chunk freelists:
   Non-Class:  10.94 MB
       Class:  4.94 MB
        Both:  15.88 MB

MaxMetaspaceSize: unlimited
CompressedClassSpaceSize: 1.00 GB
Initial GC threshold: 21.00 MB
Current GC threshold: 132.12 MB
CDS: on
 - commit_granule_bytes: 65536.
 - commit_granule_words: 8192.
 - virtual_space_node_default_size: 8388608.
 - enlarge_chunks_in_place: 1.
 - use_allocation_guard: 0.


Internal statistics:

num_allocs_failed_limit: 9.
num_arena_births: 1052.
num_arena_deaths: 0.
num_vsnodes_births: 3.
num_vsnodes_deaths: 0.
num_space_committed: 1268.
num_space_uncommitted: 0.
num_chunks_returned_to_freelist: 9.
num_chunks_taken_from_freelist: 3888.
num_chunk_merges: 9.
num_chunk_splits: 2794.
num_chunks_enlarged: 2151.
num_inconsistent_stats: 0.

CodeHeap 'non-profiled nmethods': size=120000Kb used=6117Kb max_used=6283Kb free=113882Kb
 bounds [0x0000026665c70000, 0x00000266662a0000, 0x000002666d1a0000]
CodeHeap 'profiled nmethods': size=120000Kb used=17009Kb max_used=20905Kb free=102990Kb
 bounds [0x000002665e1a0000, 0x000002665f610000, 0x00000266656d0000]
CodeHeap 'non-nmethods': size=5760Kb used=1776Kb max_used=1840Kb free=3984Kb
 bounds [0x00000266656d0000, 0x0000026665940000, 0x0000026665c70000]
 total_blobs=9260 nmethods=8480 adapters=683
 compilation: enabled
              stopped_count=0, restarted_count=0
 full_count=0

Compilation events (20 events):
Event: 868.720 Thread 0x0000026672516be0 nmethod 11026 0x0000026665d88390 code [0x0000026665d88500, 0x0000026665d885b0]
Event: 868.721 Thread 0x0000026672516be0 11023       4       java.nio.ByteBuffer::rewind (5 bytes)
Event: 868.721 Thread 0x0000026672516be0 nmethod 11023 0x0000026665d8bc10 code [0x0000026665d8bda0, 0x0000026665d8be58]
Event: 868.721 Thread 0x0000026672516be0 11022   !   4       java.io.BufferedOutputStream::write (73 bytes)
Event: 868.722 Thread 0x0000026646d7b810 nmethod 11029 0x0000026665d57a10 code [0x0000026665d57c20, 0x0000026665d580e8]
Event: 868.744 Thread 0x0000026672516be0 nmethod 11022 0x0000026665ea3810 code [0x0000026665ea3b40, 0x0000026665ea5268]
Event: 868.763 Thread 0x0000026672516be0 11030       4       com.mysql.cj.protocol.Resultset$Type::fromValue (42 bytes)
Event: 868.764 Thread 0x0000026672516be0 nmethod 11030 0x0000026665d1e210 code [0x0000026665d1e3a0, 0x0000026665d1e470]
Event: 868.766 Thread 0x0000026672516be0 11031       4       org.jboss.logging.Logger::logv (27 bytes)
Event: 868.766 Thread 0x0000026646d7b810 11032       4       org.springframework.util.MimeType::isCompatibleWith (176 bytes)
Event: 868.771 Thread 0x0000026646d7b810 nmethod 11032 0x0000026665fae010 code [0x0000026665fae1c0, 0x0000026665fae698]
Event: 868.773 Thread 0x0000026672516be0 nmethod 11031 0x0000026665ea2a90 code [0x0000026665ea2ca0, 0x0000026665ea3218]
Event: 868.774 Thread 0x0000026672516be0 11033       4       sun.nio.ch.SocketDispatcher::read (8 bytes)
Event: 868.775 Thread 0x0000026672516be0 nmethod 11033 0x0000026665d1df10 code [0x0000026665d1e0a0, 0x0000026665d1e158]
Event: 868.778 Thread 0x0000026672516be0 11034   !   4       org.apache.coyote.http11.Http11Processor::prepareRequest (675 bytes)
Event: 868.781 Thread 0x0000026646d7b810 11035       4       org.apache.tomcat.util.http.parser.HttpParser::readHostDomainName (45 bytes)
Event: 868.920 Thread 0x0000026646d7b810 nmethod 11035 0x0000026665f97610 code [0x0000026665f979c0, 0x0000026665f9a018]
Event: 868.920 Thread 0x0000026646d7b810 11041       4       org.apache.tomcat.util.http.parser.HttpParser::readWeight (246 bytes)
Event: 868.948 Thread 0x00000266725172a0 11043       2       java.util.ArrayList::toArray (57 bytes)
Event: 868.949 Thread 0x00000266725172a0 nmethod 11043 0x000002665e2b3490 code [0x000002665e2b3660, 0x000002665e2b39e0]

GC Heap History (20 events):
Event: 864.407 GC heap before
{Heap before GC invocations=20 (full 0):
 garbage-first heap   total reserved 1925120K, committed 73728K, used 62901K [0x000000008a800000, 0x0000000100000000)
  region size 1024K, 32 young (32768K), 3 survivors (3072K)
 Metaspace       used 79831K, committed 80576K, reserved 1179648K
  class space    used 10861K, committed 11200K, reserved 1048576K
}
Event: 864.412 GC heap after
{Heap after GC invocations=21 (full 0):
 garbage-first heap   total reserved 1925120K, committed 73728K, used 34523K [0x000000008a800000, 0x0000000100000000)
  region size 1024K, 3 young (3072K), 3 survivors (3072K)
 Metaspace       used 79831K, committed 80576K, reserved 1179648K
  class space    used 10861K, committed 11200K, reserved 1048576K
}
Event: 864.767 GC heap before
{Heap before GC invocations=21 (full 0):
 garbage-first heap   total reserved 1925120K, committed 73728K, used 63195K [0x000000008a800000, 0x0000000100000000)
  region size 1024K, 32 young (32768K), 3 survivors (3072K)
 Metaspace       used 80323K, committed 81088K, reserved 1179648K
  class space    used 10861K, committed 11200K, reserved 1048576K
}
Event: 864.781 GC heap after
{Heap after GC invocations=22 (full 0):
 garbage-first heap   total reserved 1925120K, committed 73728K, used 34471K [0x000000008a800000, 0x0000000100000000)
  region size 1024K, 1 young (1024K), 1 survivors (1024K)
 Metaspace       used 80323K, committed 81088K, reserved 1179648K
  class space    used 10861K, committed 11200K, reserved 1048576K
}
Event: 865.157 GC heap before
{Heap before GC invocations=22 (full 0):
 garbage-first heap   total reserved 1925120K, committed 73728K, used 65191K [0x000000008a800000, 0x0000000100000000)
  region size 1024K, 32 young (32768K), 1 survivors (1024K)
 Metaspace       used 80368K, committed 81152K, reserved 1179648K
  class space    used 10861K, committed 11200K, reserved 1048576K
}
Event: 865.171 GC heap after
{Heap after GC invocations=23 (full 0):
 garbage-first heap   total reserved 1925120K, committed 73728K, used 34471K [0x000000008a800000, 0x0000000100000000)
  region size 1024K, 1 young (1024K), 1 survivors (1024K)
 Metaspace       used 80368K, committed 81152K, reserved 1179648K
  class space    used 10861K, committed 11200K, reserved 1048576K
}
Event: 865.708 GC heap before
{Heap before GC invocations=24 (full 0):
 garbage-first heap   total reserved 1925120K, committed 73728K, used 65191K [0x000000008a800000, 0x0000000100000000)
  region size 1024K, 32 young (32768K), 1 survivors (1024K)
 Metaspace       used 80375K, committed 81152K, reserved 1179648K
  class space    used 10861K, committed 11200K, reserved 1048576K
}
Event: 865.710 GC heap after
{Heap after GC invocations=25 (full 0):
 garbage-first heap   total reserved 1925120K, committed 73728K, used 34544K [0x000000008a800000, 0x0000000100000000)
  region size 1024K, 1 young (1024K), 1 survivors (1024K)
 Metaspace       used 80375K, committed 81152K, reserved 1179648K
  class space    used 10861K, committed 11200K, reserved 1048576K
}
Event: 866.105 GC heap before
{Heap before GC invocations=25 (full 0):
 garbage-first heap   total reserved 1925120K, committed 73728K, used 65264K [0x000000008a800000, 0x0000000100000000)
  region size 1024K, 32 young (32768K), 1 survivors (1024K)
 Metaspace       used 80390K, committed 81152K, reserved 1179648K
  class space    used 10861K, committed 11200K, reserved 1048576K
}
Event: 866.116 GC heap after
{Heap after GC invocations=26 (full 0):
 garbage-first heap   total reserved 1925120K, committed 73728K, used 33999K [0x000000008a800000, 0x0000000100000000)
  region size 1024K, 1 young (1024K), 1 survivors (1024K)
 Metaspace       used 80390K, committed 81152K, reserved 1179648K
  class space    used 10861K, committed 11200K, reserved 1048576K
}
Event: 866.585 GC heap before
{Heap before GC invocations=26 (full 0):
 garbage-first heap   total reserved 1925120K, committed 73728K, used 65743K [0x000000008a800000, 0x0000000100000000)
  region size 1024K, 33 young (33792K), 1 survivors (1024K)
 Metaspace       used 80418K, committed 81152K, reserved 1179648K
  class space    used 10861K, committed 11200K, reserved 1048576K
}
Event: 866.589 GC heap after
{Heap after GC invocations=27 (full 0):
 garbage-first heap   total reserved 1925120K, committed 89088K, used 34053K [0x000000008a800000, 0x0000000100000000)
  region size 1024K, 1 young (1024K), 1 survivors (1024K)
 Metaspace       used 80418K, committed 81152K, reserved 1179648K
  class space    used 10861K, committed 11200K, reserved 1048576K
}
Event: 867.216 GC heap before
{Heap before GC invocations=28 (full 0):
 garbage-first heap   total reserved 1925120K, committed 89088K, used 81157K [0x000000008a800000, 0x0000000100000000)
  region size 1024K, 48 young (49152K), 1 survivors (1024K)
 Metaspace       used 80418K, committed 81152K, reserved 1179648K
  class space    used 10861K, committed 11200K, reserved 1048576K
}
Event: 867.218 GC heap after
{Heap after GC invocations=29 (full 0):
 garbage-first heap   total reserved 1925120K, committed 89088K, used 34013K [0x000000008a800000, 0x0000000100000000)
  region size 1024K, 1 young (1024K), 1 survivors (1024K)
 Metaspace       used 80418K, committed 81152K, reserved 1179648K
  class space    used 10861K, committed 11200K, reserved 1048576K
}
Event: 867.717 GC heap before
{Heap before GC invocations=29 (full 0):
 garbage-first heap   total reserved 1925120K, committed 89088K, used 81117K [0x000000008a800000, 0x0000000100000000)
  region size 1024K, 48 young (49152K), 1 survivors (1024K)
 Metaspace       used 80418K, committed 81152K, reserved 1179648K
  class space    used 10861K, committed 11200K, reserved 1048576K
}
Event: 867.721 GC heap after
{Heap after GC invocations=30 (full 0):
 garbage-first heap   total reserved 1925120K, committed 89088K, used 33807K [0x000000008a800000, 0x0000000100000000)
  region size 1024K, 1 young (1024K), 1 survivors (1024K)
 Metaspace       used 80418K, committed 81152K, reserved 1179648K
  class space    used 10861K, committed 11200K, reserved 1048576K
}
Event: 868.284 GC heap before
{Heap before GC invocations=30 (full 0):
 garbage-first heap   total reserved 1925120K, committed 89088K, used 80911K [0x000000008a800000, 0x0000000100000000)
  region size 1024K, 48 young (49152K), 1 survivors (1024K)
 Metaspace       used 80418K, committed 81152K, reserved 1179648K
  class space    used 10861K, committed 11200K, reserved 1048576K
}
Event: 868.286 GC heap after
{Heap after GC invocations=31 (full 0):
 garbage-first heap   total reserved 1925120K, committed 89088K, used 33778K [0x000000008a800000, 0x0000000100000000)
  region size 1024K, 1 young (1024K), 1 survivors (1024K)
 Metaspace       used 80418K, committed 81152K, reserved 1179648K
  class space    used 10861K, committed 11200K, reserved 1048576K
}
Event: 868.942 GC heap before
{Heap before GC invocations=32 (full 0):
 garbage-first heap   total reserved 1925120K, committed 89088K, used 80882K [0x000000008a800000, 0x0000000100000000)
  region size 1024K, 48 young (49152K), 1 survivors (1024K)
 Metaspace       used 80425K, committed 81152K, reserved 1179648K
  class space    used 10862K, committed 11200K, reserved 1048576K
}
Event: 868.944 GC heap after
{Heap after GC invocations=33 (full 0):
 garbage-first heap   total reserved 1925120K, committed 89088K, used 33889K [0x000000008a800000, 0x0000000100000000)
  region size 1024K, 1 young (1024K), 1 survivors (1024K)
 Metaspace       used 80425K, committed 81152K, reserved 1179648K
  class space    used 10862K, committed 11200K, reserved 1048576K
}

Dll operation events (15 events):
Event: 0.013 Loaded shared library C:\Program Files\Java\jdk-22\bin\java.dll
Event: 0.048 Loaded shared library C:\Program Files\Java\jdk-22\bin\jsvml.dll
Event: 0.131 Loaded shared library C:\Program Files\Java\jdk-22\bin\zip.dll
Event: 0.135 Loaded shared library C:\Program Files\Java\jdk-22\bin\instrument.dll
Event: 0.143 Loaded shared library C:\Program Files\Java\jdk-22\bin\net.dll
Event: 0.145 Loaded shared library C:\Program Files\Java\jdk-22\bin\nio.dll
Event: 0.149 Loaded shared library C:\Program Files\Java\jdk-22\bin\zip.dll
Event: 0.374 Loaded shared library D:\java\IntelliJ IDEA Community Edition 2022.3\bin\breakgen64.dll
Event: 0.395 Loaded shared library C:\Program Files\Java\jdk-22\bin\extnet.dll
Event: 0.444 Loaded shared library C:\Program Files\Java\jdk-22\bin\jimage.dll
Event: 0.821 Loaded shared library C:\Program Files\Java\jdk-22\bin\management.dll
Event: 0.827 Loaded shared library C:\Program Files\Java\jdk-22\bin\management_ext.dll
Event: 1.638 Loaded shared library C:\Program Files\Java\jdk-22\bin\le.dll
Event: 2.244 Loaded shared library C:\Program Files\Java\jdk-22\bin\sunmscapi.dll
Event: 5.830 Loaded shared library C:\Program Files\Java\jdk-22\bin\verify.dll

Deoptimization events (20 events):
Event: 864.274 Thread 0x00000266458a3ae0 DEOPT PACKING pc=0x0000026666203a54 sp=0x000000b6356fc130
Event: 864.274 Thread 0x00000266458a3ae0 DEOPT UNPACKING pc=0x00000266657246a2 sp=0x000000b6356fc0b8 mode 2
Event: 864.281 Thread 0x00000266458a0660 DEOPT PACKING pc=0x000002665efce4e6 sp=0x000000b6353fb130
Event: 864.281 Thread 0x00000266458a0660 DEOPT UNPACKING pc=0x0000026665724e42 sp=0x000000b6353fa818 mode 0
Event: 864.440 Thread 0x00000266458a3ae0 DEOPT PACKING pc=0x000002665efce4e6 sp=0x000000b6356fb1d0
Event: 864.440 Thread 0x00000266458a3ae0 DEOPT UNPACKING pc=0x0000026665724e42 sp=0x000000b6356fa8b8 mode 0
Event: 864.714 Thread 0x00000266458a6240 DEOPT PACKING pc=0x000002665efce4e6 sp=0x000000b6351fab80
Event: 864.714 Thread 0x00000266458a6240 DEOPT UNPACKING pc=0x0000026665724e42 sp=0x000000b6351fa268 mode 0
Event: 865.983 Thread 0x00000266458a6240 Uncommon trap: trap_request=0xffffff45 fr.pc=0x0000026665ca35bc relative=0x000000000000053c
Event: 865.984 Thread 0x00000266458a6240 Uncommon trap: reason=unstable_if action=reinterpret pc=0x0000026665ca35bc method=java.util.concurrent.locks.ReentrantReadWriteLock$Sync.tryAcquireShared(I)I @ 105 c2
Event: 865.984 Thread 0x00000266458a6240 DEOPT PACKING pc=0x0000026665ca35bc sp=0x000000b6351fe300
Event: 865.984 Thread 0x00000266458a6240 DEOPT UNPACKING pc=0x00000266657246a2 sp=0x000000b6351fe248 mode 2
Event: 867.136 Thread 0x00000266458a2dc0 Uncommon trap: trap_request=0xffffff6e fr.pc=0x0000026665c8f840 relative=0x00000000000001a0
Event: 867.136 Thread 0x00000266458a2dc0 Uncommon trap: reason=loop_limit_check action=maybe_recompile pc=0x0000026665c8f840 method=org.hibernate.internal.util.collections.StandardStack.findCurrentFirstWithParameter(Ljava/lang/Object;Ljava/util/function/BiFunction;)Ljava/lang/Object; @ 8 c2
Event: 867.136 Thread 0x00000266458a2dc0 DEOPT PACKING pc=0x0000026665c8f840 sp=0x000000b6352fab40
Event: 867.136 Thread 0x00000266458a2dc0 DEOPT UNPACKING pc=0x00000266657246a2 sp=0x000000b6352faad8 mode 2
Event: 868.596 Thread 0x00000266458a1380 Uncommon trap: trap_request=0xffffffdc fr.pc=0x0000026665cbf80c relative=0x000000000000024c
Event: 868.596 Thread 0x00000266458a1380 Uncommon trap: reason=class_check action=make_not_entrant pc=0x0000026665cbf80c method=java.util.ArrayList.toArray([Ljava/lang/Object;)[Ljava/lang/Object; @ 21 c2
Event: 868.596 Thread 0x00000266458a1380 DEOPT PACKING pc=0x0000026665cbf80c sp=0x000000b6354fc1e0
Event: 868.596 Thread 0x00000266458a1380 DEOPT UNPACKING pc=0x00000266657246a2 sp=0x000000b6354fc190 mode 2

Classes loaded (20 events):
Event: 19.825 Loading class java/util/concurrent/locks/ReentrantReadWriteLock$Sync$HoldCounter
Event: 19.825 Loading class java/util/concurrent/locks/ReentrantReadWriteLock$Sync$HoldCounter done
Event: 19.898 Loading class java/time/format/DateTimeFormatterBuilder$ZoneTextPrinterParser
Event: 19.898 Loading class java/time/format/DateTimeFormatterBuilder$ZoneTextPrinterParser done
Event: 19.899 Loading class java/time/format/DateTimeFormatterBuilder$ReducedPrinterParser
Event: 19.899 Loading class java/time/format/DateTimeFormatterBuilder$ReducedPrinterParser done
Event: 20.153 Loading class java/util/OptionalLong
Event: 20.154 Loading class java/util/OptionalLong done
Event: 20.154 Loading class java/util/OptionalDouble
Event: 20.155 Loading class java/util/OptionalDouble done
Event: 20.202 Loading class java/util/stream/LongStream
Event: 20.203 Loading class java/util/stream/LongStream done
Event: 20.203 Loading class java/util/stream/DoubleStream
Event: 20.204 Loading class java/util/stream/DoubleStream done
Event: 20.228 Loading class org/w3c/dom/Node
Event: 20.228 Loading class org/w3c/dom/Node done
Event: 20.228 Loading class org/w3c/dom/Document
Event: 20.229 Loading class org/w3c/dom/Document done
Event: 868.437 Loading class sun/util/locale/LocaleExtensions
Event: 868.440 Loading class sun/util/locale/LocaleExtensions done

Classes unloaded (0 events):
No events

Classes redefined (0 events):
No events

Internal exceptions (20 events):
Event: 8.190 Thread 0x00000266458ca6d0 Exception <a 'java/lang/IncompatibleClassChangeError'{0x000000008ccf5670}: Found class java.lang.Object, but interface was expected> (0x000000008ccf5670) 
thrown [s\open\src\hotspot\share\interpreter\linkResolver.cpp, line 841]
Event: 8.269 Thread 0x00000266458ca6d0 Exception <a 'java/lang/IncompatibleClassChangeError'{0x000000008c9a9be0}: Found class java.lang.Object, but interface was expected> (0x000000008c9a9be0) 
thrown [s\open\src\hotspot\share\interpreter\linkResolver.cpp, line 841]
Event: 8.269 Thread 0x00000266458ca6d0 Exception <a 'java/lang/IncompatibleClassChangeError'{0x000000008c9af1c8}: Found class java.lang.Object, but interface was expected> (0x000000008c9af1c8) 
thrown [s\open\src\hotspot\share\interpreter\linkResolver.cpp, line 841]
Event: 8.991 Thread 0x00000266458ca6d0 Exception <a 'java/lang/NoSuchMethodError'{0x000000008e2f0a78}: 'java.lang.Object java.lang.invoke.DirectMethodHandle$Holder.newInvokeSpecial(java.lang.Object, java.lang.Object, java.lang.Object, java.lang.Object, java.lang.Object, java.lang.Object, java.lang.Object, java.lang.Object)'> (0x000000008e2f0a78) 
thrown [s\open\src\hotspot\share\interpreter\linkResolver.cpp, line 774]
Event: 9.211 Thread 0x00000266458ca6d0 Exception <a 'java/lang/IncompatibleClassChangeError'{0x000000008d825138}: Found class java.lang.Object, but interface was expected> (0x000000008d825138) 
thrown [s\open\src\hotspot\share\interpreter\linkResolver.cpp, line 841]
Event: 9.255 Thread 0x00000266458ca6d0 Exception <a 'java/lang/NoSuchMethodError'{0x000000008d7b90f0}: 'void java.lang.invoke.DirectMethodHandle$Holder.invokeVirtual(java.lang.Object, java.lang.Object, long)'> (0x000000008d7b90f0) 
thrown [s\open\src\hotspot\share\interpreter\linkResolver.cpp, line 774]
Event: 9.308 Thread 0x00000266458ca6d0 Exception <a 'java/lang/NoSuchMethodError'{0x000000008d404138}: 'int java.lang.invoke.DirectMethodHandle$Holder.invokeStaticInit(java.lang.Object, java.lang.Object, java.lang.Object, java.lang.Object)'> (0x000000008d404138) 
thrown [s\open\src\hotspot\share\interpreter\linkResolver.cpp, line 774]
Event: 9.355 Thread 0x00000266458ca6d0 Exception <a 'java/lang/IncompatibleClassChangeError'{0x000000008d39ab80}: Found class java.lang.Object, but interface was expected> (0x000000008d39ab80) 
thrown [s\open\src\hotspot\share\interpreter\linkResolver.cpp, line 841]
Event: 9.365 Thread 0x00000266458ca6d0 Implicit null exception at 0x0000026665ddd068 to 0x0000026665ddd2c4
Event: 9.387 Thread 0x00000266458ca6d0 Exception <a 'java/lang/NoSuchMethodError'{0x000000008d2f4ba0}: 'java.lang.Object java.lang.invoke.Invokers$Holder.invoke_MT(java.lang.Object, java.lang.Object, java.lang.Object, java.lang.Object, java.lang.Object, java.lang.Object, java.lang.Object, java.lang.Object, java.lang.Object, java.lang.Object, java.lang.Object)'> (0x000000008d2f4ba0) 
thrown [s\open\src\hotspot\share\interpreter\linkResolver.cpp, line 774]
Event: 9.472 Thread 0x00000266458ca6d0 Exception <a 'java/lang/NoSuchMethodError'{0x000000008ce76050}: 'java.lang.Object java.lang.invoke.DirectMethodHandle$Holder.newInvokeSpecial(java.lang.Object, java.lang.Object, int, java.lang.Object, java.lang.Object)'> (0x000000008ce76050) 
thrown [s\open\src\hotspot\share\interpreter\linkResolver.cpp, line 774]
Event: 19.786 Thread 0x00000266458a2730 Exception <a 'java/lang/NoSuchMethodError'{0x0000000091dbdbc0}: 'java.lang.Object java.lang.invoke.DirectMethodHandle$Holder.invokeSpecial(java.lang.Object, java.lang.Object, java.lang.Object, java.lang.Object, java.lang.Object, long)'> (0x0000000091dbdbc0) 
thrown [s\open\src\hotspot\share\interpreter\linkResolver.cpp, line 774]
Event: 19.786 Thread 0x00000266458a2730 Exception <a 'java/lang/NoSuchMethodError'{0x0000000091dc1338}: 'java.lang.Object java.lang.invoke.Invokers$Holder.linkToTargetMethod(java.lang.Object, java.lang.Object, java.lang.Object, long, java.lang.Object)'> (0x0000000091dc1338) 
thrown [s\open\src\hotspot\share\interpreter\linkResolver.cpp, line 774]
Event: 19.979 Thread 0x00000266458a2730 Exception <a 'java/lang/NoSuchMethodError'{0x000000008f6b73f8}: 'java.lang.Object java.lang.invoke.DirectMethodHandle$Holder.invokeInterface(java.lang.Object, java.lang.Object, java.lang.Object, java.lang.Object)'> (0x000000008f6b73f8) 
thrown [s\open\src\hotspot\share\interpreter\linkResolver.cpp, line 774]
Event: 19.982 Thread 0x00000266458a2730 Exception <a 'java/lang/IncompatibleClassChangeError'{0x000000008f6e5a50}: Found class java.lang.Object, but interface was expected> (0x000000008f6e5a50) 
thrown [s\open\src\hotspot\share\interpreter\linkResolver.cpp, line 841]
Event: 20.032 Thread 0x00000266458a4170 Exception <a 'java/lang/NoSuchMethodError'{0x000000008f4e01d0}: 'void java.lang.invoke.DirectMethodHandle$Holder.invokeSpecialIFC(java.lang.Object, java.lang.Object, int, java.lang.Object, java.lang.Object, java.lang.Object, java.lang.Object)'> (0x000000008f4e01d0) 
thrown [s\open\src\hotspot\share\interpreter\linkResolver.cpp, line 774]
Event: 20.128 Thread 0x00000266458a2730 Exception <a 'java/lang/IncompatibleClassChangeError'{0x000000008e00c118}: Found class java.lang.Object, but interface was expected> (0x000000008e00c118) 
thrown [s\open\src\hotspot\share\interpreter\linkResolver.cpp, line 841]
Event: 20.159 Thread 0x00000266458a4170 Implicit null exception at 0x0000026665d3c708 to 0x0000026665d3cbe0
Event: 20.219 Thread 0x00000266458a4170 Implicit null exception at 0x0000026665e78f8b to 0x0000026665e7900c
Event: 865.982 Thread 0x00000266458a6240 Implicit null exception at 0x0000026665ca31e3 to 0x0000026665ca35a8

ZGC Phase Switch (0 events):
No events

VM Operations (20 events):
Event: 866.105 Executing VM operation: G1CollectForAllocation (G1 Evacuation Pause)
Event: 866.116 Executing VM operation: G1CollectForAllocation (G1 Evacuation Pause) done
Event: 866.585 Executing VM operation: G1CollectForAllocation (G1 Evacuation Pause)
Event: 866.589 Executing VM operation: G1CollectForAllocation (G1 Evacuation Pause) done
Event: 866.622 Executing VM operation: G1PauseRemark
Event: 866.645 Executing VM operation: G1PauseRemark done
Event: 866.655 Executing VM operation: G1PauseCleanup
Event: 866.656 Executing VM operation: G1PauseCleanup done
Event: 867.216 Executing VM operation: G1CollectForAllocation (G1 Evacuation Pause)
Event: 867.218 Executing VM operation: G1CollectForAllocation (G1 Evacuation Pause) done
Event: 867.717 Executing VM operation: G1CollectForAllocation (G1 Evacuation Pause)
Event: 867.721 Executing VM operation: G1CollectForAllocation (G1 Evacuation Pause) done
Event: 868.283 Executing VM operation: G1CollectForAllocation (G1 Evacuation Pause)
Event: 868.286 Executing VM operation: G1CollectForAllocation (G1 Evacuation Pause) done
Event: 868.318 Executing VM operation: G1PauseRemark
Event: 868.324 Executing VM operation: G1PauseRemark done
Event: 868.335 Executing VM operation: G1PauseCleanup
Event: 868.335 Executing VM operation: G1PauseCleanup done
Event: 868.941 Executing VM operation: G1CollectForAllocation (G1 Evacuation Pause)
Event: 868.944 Executing VM operation: G1CollectForAllocation (G1 Evacuation Pause) done

Memory protections (0 events):
No events

Nmethod flushes (20 events):
Event: 868.323 Thread 0x00000266724ea790 flushing  nmethod 0x000002665ed99990
Event: 868.323 Thread 0x00000266724ea790 flushing  nmethod 0x000002665ede0b90
Event: 868.323 Thread 0x00000266724ea790 flushing  nmethod 0x000002665ee5f890
Event: 868.323 Thread 0x00000266724ea790 flushing  nmethod 0x000002665eeafd10
Event: 868.323 Thread 0x00000266724ea790 flushing  nmethod 0x000002665ef32590
Event: 868.323 Thread 0x00000266724ea790 flushing  nmethod 0x000002665f008890
Event: 868.324 Thread 0x00000266724ea790 flushing  nmethod 0x0000026665ca2e90
Event: 868.324 Thread 0x00000266724ea790 flushing  nmethod 0x000002665e640390
Event: 868.324 Thread 0x00000266724ea790 flushing  nmethod 0x000002665e8c5d10
Event: 868.324 Thread 0x00000266724ea790 flushing  nmethod 0x000002665ea27990
Event: 868.324 Thread 0x00000266724ea790 flushing  nmethod 0x000002665ed34510
Event: 868.324 Thread 0x00000266724ea790 flushing  nmethod 0x000002665ed3d110
Event: 868.324 Thread 0x00000266724ea790 flushing  nmethod 0x000002665eebae90
Event: 868.324 Thread 0x00000266724ea790 flushing  nmethod 0x000002665eebb990
Event: 868.324 Thread 0x00000266724ea790 flushing  nmethod 0x000002665eebc190
Event: 868.324 Thread 0x00000266724ea790 flushing  nmethod 0x000002665ef64b90
Event: 868.324 Thread 0x00000266724ea790 flushing  nmethod 0x000002665efaea10
Event: 868.324 Thread 0x00000266724ea790 flushing  nmethod 0x000002665f394390
Event: 868.324 Thread 0x00000266724ea790 flushing  nmethod 0x000002665f39b410
Event: 868.324 Thread 0x00000266724ea790 flushing  nmethod 0x000002665f39d710

Events (20 events):
Event: 9.498 Thread 0x00000266458ca6d0 Thread added: 0x00000266458a68d0
Event: 9.499 Thread 0x00000266458ca6d0 Thread added: 0x00000266458a6f60
Event: 9.515 Thread 0x00000266458ca6d0 Thread exited: 0x00000266458ca6d0
Event: 9.519 Thread 0x00000266459b4200 Thread exited: 0x00000266459b4200
Event: 9.519 Thread 0x0000026653b9d900 Thread exited: 0x0000026653b9d900
Event: 9.519 Thread 0x000002664589ffd0 Thread added: 0x000002664589ffd0
Event: 10.507 Thread 0x0000026649295a70 Thread exited: 0x0000026649295a70
Event: 12.238 Thread 0x00000266458a4e90 Thread exited: 0x00000266458a4e90
Event: 19.901 Thread 0x00000266725172a0 Thread added: 0x0000026646d7b810
Event: 19.956 Thread 0x00000266725172a0 Thread added: 0x0000026648fdcd70
Event: 21.636 Thread 0x0000026648fdcd70 Thread exited: 0x0000026648fdcd70
Event: 22.238 Thread 0x0000026646d7b810 Thread exited: 0x0000026646d7b810
Event: 331.724 Thread 0x00000266725172a0 Thread added: 0x0000026646d7b810
Event: 331.959 Thread 0x0000026646d7b810 Thread exited: 0x0000026646d7b810
Event: 860.696 Thread 0x00000266725172a0 Thread added: 0x0000026646d7b810
Event: 860.810 Thread 0x0000026646d7b810 Thread exited: 0x0000026646d7b810
Event: 861.492 Thread 0x00000266725172a0 Thread added: 0x0000026646d7b810
Event: 864.054 Thread 0x0000026646d7b810 Thread exited: 0x0000026646d7b810
Event: 864.247 Thread 0x00000266725172a0 Thread added: 0x0000026646d7b810
Event: 864.692 Thread 0x00000266458a3ae0 Thread added: 0x00000266458a75f0


Dynamic libraries:
0x00007ff672ef0000 - 0x00007ff672f00000 	C:\Program Files\Java\jdk-22\bin\java.exe
0x00007ffb6a270000 - 0x00007ffb6a487000 	C:\WINDOWS\SYSTEM32\ntdll.dll
0x00007ffb68060000 - 0x00007ffb68124000 	C:\WINDOWS\System32\KERNEL32.DLL
0x00007ffb676c0000 - 0x00007ffb67a7a000 	C:\WINDOWS\System32\KERNELBASE.dll
0x00007ffb675a0000 - 0x00007ffb676b1000 	C:\WINDOWS\System32\ucrtbase.dll
0x00007ffb49420000 - 0x00007ffb4943b000 	C:\Program Files\Java\jdk-22\bin\VCRUNTIME140.dll
0x00007ffb492f0000 - 0x00007ffb49307000 	C:\Program Files\Java\jdk-22\bin\jli.dll
0x00007ffb69b20000 - 0x00007ffb69cce000 	C:\WINDOWS\System32\USER32.dll
0x00007ffb57760000 - 0x00007ffb579f2000 	C:\WINDOWS\WinSxS\amd64_microsoft.windows.common-controls_6595b64144ccf1df_6.0.22621.4541_none_2710d1c57384c085\COMCTL32.dll
0x00007ffb67570000 - 0x00007ffb67596000 	C:\WINDOWS\System32\win32u.dll
0x00007ffb69620000 - 0x00007ffb696c7000 	C:\WINDOWS\System32\msvcrt.dll
0x00007ffb696d0000 - 0x00007ffb696f9000 	C:\WINDOWS\System32\GDI32.dll
0x00007ffb67ba0000 - 0x00007ffb67cbb000 	C:\WINDOWS\System32\gdi32full.dll
0x00007ffb67a80000 - 0x00007ffb67b1a000 	C:\WINDOWS\System32\msvcp_win.dll
0x00007ffb6a1f0000 - 0x00007ffb6a221000 	C:\WINDOWS\System32\IMM32.DLL
0x00007ffb4d350000 - 0x00007ffb4d35c000 	C:\Program Files\Java\jdk-22\bin\vcruntime140_1.dll
0x00007ffb3b5e0000 - 0x00007ffb3b66e000 	C:\Program Files\Java\jdk-22\bin\msvcp140.dll
0x00007ffb1b430000 - 0x00007ffb1c179000 	C:\Program Files\Java\jdk-22\bin\server\jvm.dll
0x00007ffb690d0000 - 0x00007ffb69182000 	C:\WINDOWS\System32\ADVAPI32.dll
0x00007ffb69d30000 - 0x00007ffb69dd7000 	C:\WINDOWS\System32\sechost.dll
0x00007ffb67540000 - 0x00007ffb67568000 	C:\WINDOWS\System32\bcrypt.dll
0x00007ffb6a050000 - 0x00007ffb6a164000 	C:\WINDOWS\System32\RPCRT4.dll
0x00007ffb68d90000 - 0x00007ffb68e01000 	C:\WINDOWS\System32\WS2_32.dll
0x00007ffb67410000 - 0x00007ffb6745d000 	C:\WINDOWS\SYSTEM32\POWRPROF.dll
0x00007ffb62bf0000 - 0x00007ffb62bfa000 	C:\WINDOWS\SYSTEM32\VERSION.dll
0x00007ffb63220000 - 0x00007ffb63254000 	C:\WINDOWS\SYSTEM32\WINMM.dll
0x00007ffb673f0000 - 0x00007ffb67403000 	C:\WINDOWS\SYSTEM32\UMPDC.dll
0x00007ffb66580000 - 0x00007ffb66598000 	C:\WINDOWS\SYSTEM32\kernel.appcore.dll
0x00007ffb4d010000 - 0x00007ffb4d01a000 	C:\Program Files\Java\jdk-22\bin\jimage.dll
0x00007ffb64f80000 - 0x00007ffb651b2000 	C:\WINDOWS\SYSTEM32\DBGHELP.DLL
0x00007ffb69700000 - 0x00007ffb69a8f000 	C:\WINDOWS\System32\combase.dll
0x00007ffb67f70000 - 0x00007ffb68047000 	C:\WINDOWS\System32\OLEAUT32.dll
0x00007ffb4edd0000 - 0x00007ffb4ee02000 	C:\WINDOWS\SYSTEM32\dbgcore.DLL
0x00007ffb67b20000 - 0x00007ffb67b9b000 	C:\WINDOWS\System32\bcryptPrimitives.dll
0x00007ffb4c310000 - 0x00007ffb4c31f000 	C:\Program Files\Java\jdk-22\bin\instrument.dll
0x00007ffb49130000 - 0x00007ffb4914e000 	C:\Program Files\Java\jdk-22\bin\java.dll
0x00007ffb68510000 - 0x00007ffb68d88000 	C:\WINDOWS\System32\SHELL32.dll
0x00007ffb68230000 - 0x00007ffb683d5000 	C:\WINDOWS\System32\ole32.dll
0x00007ffb65480000 - 0x00007ffb65d88000 	C:\WINDOWS\SYSTEM32\windows.storage.dll
0x00007ffb65340000 - 0x00007ffb6547f000 	C:\WINDOWS\SYSTEM32\wintypes.dll
0x00007ffb69f50000 - 0x00007ffb6a04a000 	C:\WINDOWS\System32\SHCORE.dll
0x00007ffb69cd0000 - 0x00007ffb69d2e000 	C:\WINDOWS\System32\shlwapi.dll
0x00007ffb67470000 - 0x00007ffb6749b000 	C:\WINDOWS\SYSTEM32\profapi.dll
0x00007ffb3b500000 - 0x00007ffb3b5d7000 	C:\Program Files\Java\jdk-22\bin\jsvml.dll
0x00007ffb48fc0000 - 0x00007ffb48fd7000 	C:\Program Files\Java\jdk-22\bin\zip.dll
0x00007ffb4b830000 - 0x00007ffb4b840000 	C:\Program Files\Java\jdk-22\bin\net.dll
0x00007ffb66a00000 - 0x00007ffb66a69000 	C:\WINDOWS\system32\mswsock.dll
0x00007ffb475c0000 - 0x00007ffb475d6000 	C:\Program Files\Java\jdk-22\bin\nio.dll
0x00007ffb475a0000 - 0x00007ffb475ba000 	D:\java\IntelliJ IDEA Community Edition 2022.3\bin\breakgen64.dll
0x00007ffb49f90000 - 0x00007ffb49f99000 	C:\Program Files\Java\jdk-22\bin\extnet.dll
0x00007ffb49ee0000 - 0x00007ffb49eea000 	C:\Program Files\Java\jdk-22\bin\management.dll
0x00007ffb49e20000 - 0x00007ffb49e2b000 	C:\Program Files\Java\jdk-22\bin\management_ext.dll
0x00007ffb68050000 - 0x00007ffb68058000 	C:\WINDOWS\System32\PSAPI.DLL
0x00007ffb49b00000 - 0x00007ffb49b0b000 	C:\Program Files\Java\jdk-22\bin\le.dll
0x00007ffb49a30000 - 0x00007ffb49a3e000 	C:\Program Files\Java\jdk-22\bin\sunmscapi.dll
0x00007ffb67cc0000 - 0x00007ffb67e26000 	C:\WINDOWS\System32\CRYPT32.dll
0x00007ffb66df0000 - 0x00007ffb66e1d000 	C:\WINDOWS\SYSTEM32\ncrypt.dll
0x00007ffb66db0000 - 0x00007ffb66de7000 	C:\WINDOWS\SYSTEM32\NTASN1.dll
0x00007ffb66c50000 - 0x00007ffb66c6b000 	C:\WINDOWS\SYSTEM32\CRYPTSP.dll
0x00007ffb664e0000 - 0x00007ffb66515000 	C:\WINDOWS\system32\rsaenh.dll
0x00007ffb66af0000 - 0x00007ffb66b18000 	C:\WINDOWS\SYSTEM32\USERENV.dll
0x00007ffb66c70000 - 0x00007ffb66c7c000 	C:\WINDOWS\SYSTEM32\CRYPTBASE.dll
0x00007ffb66030000 - 0x00007ffb6605d000 	C:\WINDOWS\SYSTEM32\IPHLPAPI.DLL
0x00007ffb69610000 - 0x00007ffb69619000 	C:\WINDOWS\System32\NSI.dll
0x00007ffb49610000 - 0x00007ffb49620000 	C:\Program Files\Java\jdk-22\bin\verify.dll
0x00007ffb660b0000 - 0x00007ffb661b2000 	C:\WINDOWS\SYSTEM32\DNSAPI.dll
0x00007ffb601f0000 - 0x00007ffb601fa000 	C:\Windows\System32\rasadhlp.dll
0x00007ffb628d0000 - 0x00007ffb62953000 	C:\WINDOWS\System32\fwpuclnt.dll
0x00007ffb549f0000 - 0x00007ffb549f8000 	C:\WINDOWS\system32\wshunix.dll

dbghelp: loaded successfully - version: 4.0.5 - missing functions: none
symbol engine: initialized successfully - sym options: 0x614 - pdb path: .;C:\Program Files\Java\jdk-22\bin;C:\WINDOWS\SYSTEM32;C:\WINDOWS\WinSxS\amd64_microsoft.windows.common-controls_6595b64144ccf1df_6.0.22621.4541_none_2710d1c57384c085;C:\Program Files\Java\jdk-22\bin\server;D:\java\IntelliJ IDEA Community Edition 2022.3\bin

VM Arguments:
jvm_args: -javaagent:D:\java\IntelliJ IDEA Community Edition 2022.3\lib\idea_rt.jar=59740:D:\java\IntelliJ IDEA Community Edition 2022.3\bin -Dfile.encoding=UTF-8 -Dsun.stdout.encoding=UTF-8 -Dsun.stderr.encoding=UTF-8 
java_command: com.example.demo.DemoApplication
java_class_path (initial): D:\DownLoad\BlogSpot\demo\target\classes;C:\Users\DUONG TUAN KIET\.m2\repository\org\springframework\boot\spring-boot-starter-data-jpa\3.4.1\spring-boot-starter-data-jpa-3.4.1.jar;C:\Users\DUONG TUAN KIET\.m2\repository\org\springframework\boot\spring-boot-starter\3.4.1\spring-boot-starter-3.4.1.jar;C:\Users\DUONG TUAN KIET\.m2\repository\org\springframework\boot\spring-boot-starter-logging\3.4.1\spring-boot-starter-logging-3.4.1.jar;C:\Users\DUONG TUAN KIET\.m2\repository\ch\qos\logback\logback-classic\1.5.12\logback-classic-1.5.12.jar;C:\Users\DUONG TUAN KIET\.m2\repository\ch\qos\logback\logback-core\1.5.12\logback-core-1.5.12.jar;C:\Users\DUONG TUAN KIET\.m2\repository\org\apache\logging\log4j\log4j-to-slf4j\2.24.3\log4j-to-slf4j-2.24.3.jar;C:\Users\DUONG TUAN KIET\.m2\repository\org\apache\logging\log4j\log4j-api\2.24.3\log4j-api-2.24.3.jar;C:\Users\DUONG TUAN KIET\.m2\repository\org\slf4j\jul-to-slf4j\2.0.16\jul-to-slf4j-2.0.16.jar;C:\Users\DUONG TUAN KIET\.m2\repository\jakarta\annotation\jakarta.annotation-api\2.1.1\jakarta.annotation-api-2.1.1.jar;C:\Users\DUONG TUAN KIET\.m2\repository\org\yaml\snakeyaml\2.3\snakeyaml-2.3.jar;C:\Users\DUONG TUAN KIET\.m2\repository\org\springframework\boot\spring-boot-starter-jdbc\3.4.1\spring-boot-starter-jdbc-3.4.1.jar;C:\Users\DUONG TUAN KIET\.m2\repository\com\zaxxer\HikariCP\5.1.0\HikariCP-5.1.0.jar;C:\Users\DUONG TUAN KIET\.m2\repository\org\springframework\spring-jdbc\6.2.1\spring-jdbc-6.2.1.jar;C:\Users\DUONG TUAN KIET\.m2\repository\org\hibernate\orm\hibernate-core\6.6.4.Final\hibernate-core-6.6.4.Final.jar;C:\Users\DUONG TUAN KIET\.m2\repository\jakarta\persistence\jakarta.persistence-api\3.1.0\jakarta.persistence-api-3.1.0.jar;C:\Users\DUONG TUAN KIET\.m2\repository\jakarta\transaction\jakarta.transaction-api\2.0.1\jakarta.transaction-api-2.0.1.jar;C:\Users\DUONG TUAN KIET\.m2\repository\org\jboss\logging\jboss-logging\3.6.1.Final\jboss-logging-3.6.1.Final.jar;C:\Users\DUONG TUAN KIET\.m2\repository\org\hibernate\common\hibernate-commons-annotations\7.0.3.Final\hibernate-commons-annotations-7.0.3.Final.jar;C:\Users\DUONG TUAN KIET\.m2\repository\io\smallrye\jandex\3.2.0\jandex-3.2.0.jar;C:\Users\DUONG TUAN KIET\.m2\repository\com\fasterxml\classmate\1.7.0\classmate-1.7.0.jar;C:\Users\DUONG TUAN KIET\.m2\repository\net\bytebuddy\byte-buddy\1.15.11\byte-buddy-1.15.11.jar;C:\Users\DUONG TUAN KIET\.m2\repository\org\glassfish\jaxb\jaxb-runtime\4.0.5\jaxb-runtime-4.0.5.jar;C:\Users\DUONG TUAN KIET\.m2\repository\org\glassfish\jaxb\jaxb-core\4.0.5\jaxb-core-4.0.5.jar;C:\Users\DUONG TUAN KIET\.m2\repository\org\eclipse\angus\angus-activation\2.0.2\angus-activation-2.0.2.jar;C:\Users\DUONG TUAN KIET\.m2\repository\org\glassfish\jaxb\txw2\4.0.5\txw2-4.0.5.jar;C:\Users\DUONG TUAN KIET\.m2\repository\com\sun\istack\istack-commons-runtime\4.1.2\istack-commons-runtime-4.1.2.jar;C:\Users\DUONG TUAN KIET\.m2\repository\jakarta\inject\jakarta.inject-api\2.0.1\jakarta.inject-api-2.0.1.jar;C:\Users\DUONG TUAN KIET\.m2\repository\org\antlr\antlr4-runtime\4.13.0\antlr4-runtime-4.13.0.jar;C:\Users\DUONG TUAN KIET\.m2\repository\org\springframework\data\spring-data-jpa\3.4.1\spring-data-jpa-3.4.1.jar;C:\Users\DUONG TUAN KIET\.m2\repository\org\springframework\data\spring-data-commons\3.4.1\spring-data-commons-3.4.1.jar;C:\Users\DUONG TUAN KIET\.m2\repository\org\springframework\spring-orm\6.2.1\spring-orm-6.2.1.jar;C:\Users\DUONG TUAN KIET\.m2\repository\org\springframework\spring-context\6.2.1\spring-context-6.2.1.jar;C:\Users\DUONG TUAN KIET\.m2\repository\org\springframework\spring-aop\6.2.1\spring-aop-6.2.1.jar;C:\Users\DUONG TUAN KIET\.m2\repository\org\springframework\spring-tx\6.2.1\spring-tx-6.2.1.jar;C:\Users\DUONG TUAN KIET\.m2\repository\org\springframework\spring-beans\6.2.1\spring-beans-6.2.1.jar;C:\Users\DUONG TUAN KIET\.m2\repository\org\slf4j\slf4j-api\2.0.16\slf4j-api-2.0.16.jar;C:\Users\DUONG TUAN KIET\.m2\repository\org\springframework\spring-aspects\6.2.1\spring-aspects-6.2.1.jar;C:\Users\DUONG TUAN KIET\.m2\repository\org\aspectj\aspectjweaver\1.9.22.1\aspectjweaver-1.9.22.1.jar;C:\Users\DUONG TUAN KIET\.m2\repository\org\springframework\boot\spring-boot-starter-web\3.4.1\spring-boot-starter-web-3.4.1.jar;C:\Users\DUONG TUAN KIET\.m2\repository\org\springframework\boot\spring-boot-starter-json\3.4.1\spring-boot-starter-json-3.4.1.jar;C:\Users\DUONG TUAN KIET\.m2\repository\com\fasterxml\jackson\core\jackson-databind\2.18.2\jackson-databind-2.18.2.jar;C:\Users\DUONG TUAN KIET\.m2\repository\com\fasterxml\jackson\core\jackson-annotations\2.18.2\jackson-annotations-2.18.2.jar;C:\Users\DUONG TUAN KIET\.m2\repository\com\fasterxml\jackson\core\jackson-core\2.18.2\jackson-core-2.18.2.jar;C:\Users\DUONG TUAN KIET\.m2\repository\com\fasterxml\jackson\datatype\jackson-datatype-jdk8\2.18.2\jackson-datatype-jdk8-2.18.2.jar;C:\Users\DUONG TUAN KIET\.m2\repository\com\fasterxml\jackson\datatype\jackson-datatype-jsr310\2.18.2\jackson-datatype-jsr310-2.18.2.jar;C:\Users\DUONG TUAN KIET\.m2\repository\com\fasterxml\jackson\module\jackson-module-parameter-names\2.18.2\jackson-module-parameter-names-2.18.2.jar;C:\Users\DUONG TUAN KIET\.m2\repository\org\springframework\boot\spring-boot-starter-tomcat\3.4.1\spring-boot-starter-tomcat-3.4.1.jar;C:\Users\DUONG TUAN KIET\.m2\repository\org\apache\tomcat\embed\tomcat-embed-core\10.1.34\tomcat-embed-core-10.1.34.jar;C:\Users\DUONG TUAN KIET\.m2\repository\org\apache\tomcat\embed\tomcat-embed-el\10.1.34\tomcat-embed-el-10.1.34.jar;C:\Users\DUONG TUAN KIET\.m2\repository\org\apache\tomcat\embed\tomcat-embed-websocket\10.1.34\tomcat-embed-websocket-10.1.34.jar;C:\Users\DUONG TUAN KIET\.m2\repository\org\springframework\spring-web\6.2.1\spring-web-6.2.1.jar;C:\Users\DUONG TUAN KIET\.m2\repository\io\micrometer\micrometer-observation\1.14.2\micrometer-observation-1.14.2.jar;C:\Users\DUONG TUAN KIET\.m2\repository\io\micrometer\micrometer-commons\1.14.2\micrometer-commons-1.14.2.jar;C:\Users\DUONG TUAN KIET\.m2\repository\org\springframework\spring-webmvc\6.2.1\spring-webmvc-6.2.1.jar;C:\Users\DUONG TUAN KIET\.m2\repository\org\springframework\spring-expression\6.2.1\spring-expression-6.2.1.jar;C:\Users\DUONG TUAN KIET\.m2\repository\org\springframework\boot\spring-boot-devtools\3.4.1\spring-boot-devtools-3.4.1.jar;C:\Users\DUONG TUAN KIET\.m2\repository\org\springframework\boot\spring-boot\3.4.1\spring-boot-3.4.1.jar;C:\Users\DUONG TUAN KIET\.m2\repository\org\springframework\boot\spring-boot-autoconfigure\3.4.1\spring-boot-autoconfigure-3.4.1.jar;C:\Users\DUONG TUAN KIET\.m2\repository\com\mysql\mysql-connector-j\9.1.0\mysql-connector-j-9.1.0.jar;C:\Users\DUONG TUAN KIET\.m2\repository\jakarta\xml\bind\jakarta.xml.bind-api\4.0.2\jakarta.xml.bind-api-4.0.2.jar;C:\Users\DUONG TUAN KIET\.m2\repository\jakarta\activation\jakarta.activation-api\2.1.3\jakarta.activation-api-2.1.3.jar;C:\Users\DUONG TUAN KIET\.m2\repository\org\springframework\spring-core\6.2.1\spring-core-6.2.1.jar;C:\Users\DUONG TUAN KIET\.m2\repository\org\springframework\spring-jcl\6.2.1\spring-jcl-6.2.1.jar
Launcher Type: SUN_STANDARD

[Global flags]
     intx CICompilerCount                          = 4                                         {product} {ergonomic}
     uint ConcGCThreads                            = 3                                         {product} {ergonomic}
     uint G1ConcRefinementThreads                  = 10                                        {product} {ergonomic}
   size_t G1HeapRegionSize                         = 1048576                                   {product} {ergonomic}
   size_t InitialHeapSize                          = 123731968                                 {product} {ergonomic}
   size_t MarkStackSize                            = 4194304                                   {product} {ergonomic}
   size_t MaxHeapSize                              = 1971322880                                {product} {ergonomic}
   size_t MaxNewSize                               = 1182793728                                {product} {ergonomic}
   size_t MinHeapDeltaBytes                        = 1048576                                   {product} {ergonomic}
   size_t MinHeapSize                              = 8388608                                   {product} {ergonomic}
    uintx NonNMethodCodeHeapSize                   = 5839372                                {pd product} {ergonomic}
    uintx NonProfiledCodeHeapSize                  = 122909434                              {pd product} {ergonomic}
    uintx ProfiledCodeHeapSize                     = 122909434                              {pd product} {ergonomic}
    uintx ReservedCodeCacheSize                    = 251658240                              {pd product} {ergonomic}
     bool SegmentedCodeCache                       = true                                      {product} {ergonomic}
   size_t SoftMaxHeapSize                          = 1971322880                             {manageable} {ergonomic}
     bool UseCompressedOops                        = true                           {product lp64_product} {ergonomic}
     bool UseG1GC                                  = true                                      {product} {ergonomic}
     bool UseLargePagesIndividualAllocation        = false                                  {pd product} {ergonomic}

Logging:
Log output configuration:
 #0: stdout all=warning uptime,level,tags foldmultilines=false
 #1: stderr all=off uptime,level,tags foldmultilines=false

Environment Variables:
PATH=C:\Program Files\Common Files\Oracle\Java\javapath;C:\Program Files (x86)\VMware\VMware Workstation\bin\;C:\Windows\system32;C:\Windows;C:\Windows\System32\Wbem;C:\Windows\System32\WindowsPowerShell\v1.0\;C:\Windows\System32\OpenSSH\;C:\Program Files\NVIDIA Corporation\NVIDIA NvDLISR;C:\WINDOWS\system32;C:\WINDOWS;C:\WINDOWS\System32\Wbem;C:\WINDOWS\System32\WindowsPowerShell\v1.0\;C:\WINDOWS\System32\OpenSSH\;C:\Users\DUONG TUAN KIET\Documents\Virtual Machines\CentOS 7\Private Shell;C:\ProgramData\chocolatey\bin;C:\Program Files (x86)\Microsoft SQL Server\160\Tools\Binn\;C:\Program Files\Microsoft SQL Server\160\Tools\Binn\;C:\Program Files\Microsoft SQL Server\Client SDK\ODBC\170\Tools\Binn\;C:\Program Files\Microsoft SQL Server\160\DTS\Binn\;C:\Program Files (x86)\Microsoft SQL Server\150\Tools\Binn\;C:\Program Files\Microsoft SQL Server\150\Tools\Binn\;C:\Program Files\Microsoft SQL Server\150\DTS\Binn\;C:\msys64\ucrt64\bin;C:\Program Files\Java\jdk-22\bin;C:\Program Files\Docker\Docker\resources\bin;D:\DownLoad\apache-maven-3.9.9-bin\apache-maven-3.9.9\bin;C:\Program Files\MySQL\MySQL Server 8.0\bin;D:\Git\Git\cmd;C:\Program Files\nodejs\;C:\Users\DUONG TUAN KIET\AppData\Local\Programs\Python\Python312\Scripts\;C:\Users\DUONG TUAN KIET\AppData\Local\Programs\Python\Python312\;C:\Users\DUONG TUAN KIET\AppData\Local\Microsoft\WindowsApps;D:\java\IntelliJ IDEA Community Edition 2022.3\bin;;C:\Users\DUONG TUAN KIET\AppData\Local\Programs\Microsoft VS Code\bin;D:\DownLoad\apache-maven-3.9.9-bin\apache-maven-3.9.9\bin;C:\Users\DUONG TUAN KIET\AppData\Roaming\npm
USERNAME=DUONG TUAN KIET
OS=Windows_NT
PROCESSOR_IDENTIFIER=AMD64 Family 23 Model 104 Stepping 1, AuthenticAMD
TMP=C:\Users\DUONGT~1\AppData\Local\Temp
TEMP=C:\Users\DUONGT~1\AppData\Local\Temp




Periodic native trim disabled

---------------  S Y S T E M  ---------------

OS:
 Windows 11 , 64 bit Build 22621 (10.0.22621.4391)
OS uptime: 16 days 6:04 hours

CPU: total 12 (initial active 12) (12 cores per cpu, 2 threads per core) family 23 model 104 stepping 1 microcode 0x0, cx8, cmov, fxsr, ht, mmx, 3dnowpref, sse, sse2, sse3, ssse3, sse4a, sse4.1, sse4.2, popcnt, lzcnt, tsc, tscinvbit, avx, avx2, aes, clmul, bmi1, bmi2, adx, sha, fma, vzeroupper, clflush, clflushopt, rdtscp, rdpid, f16c
Processor Information for all 12 processors :
  Max Mhz: 2100, Current Mhz: 2100, Mhz Limit: 2100

Memory: 4k page, system-wide physical 7514M (380M free)
TotalPageFile size 25396M (AvailPageFile size 2M)
current process WorkingSet (physical memory assigned to process): 257M, peak: 300M
current process commit charge ("private bytes"): 360M, peak: 369M

vm_info: Java HotSpot(TM) 64-Bit Server VM (22.0.2+9-70) for windows-amd64 JRE (22.0.2+9-70), built on 2024-06-04T16:52:23Z by "mach5one" with MS VC++ 17.6 (VS2022)

END.
